Der Buildvorgang wurde am 21.08.2012 15:09:44 gestartet.
     1>Projekt "C:\Users\alexander.huettenbri\Documents\GitHub\Ball_Position\Ball_Position.vcxproj" auf Knoten "2", build Ziel(e).
     1>InitializeBuildStatus:
         "Debug\Ball_Position.unsuccessfulbuild" wird erstellt, da "AlwaysCreate" angegeben wurde.
       ClCompile:
         d:\Program Files (x86)\Visual Studio\VC\bin\CL.exe /c /ZI /nologo /W3 /WX- /Od /Oy- /D WIN32 /D _DEBUG /D _CONSOLE /D _UNICODE /D UNICODE /Gm /EHsc /RTC1 /MDd /GS /fp:precise /Zc:wchar_t /Zc:forScope /Yc"StdAfx.h" /Fp"Debug\Ball_Position.pch" /Fo"Debug\\" /Fd"Debug\vc100.pdb" /Gd /TP /analyze- /errorReport:prompt stdafx.cpp
         stdafx.cpp
         d:\Program Files (x86)\Visual Studio\VC\bin\CL.exe /c /ZI /nologo /W3 /WX- /Od /Oy- /D WIN32 /D _DEBUG /D _CONSOLE /D _UNICODE /D UNICODE /Gm /EHsc /RTC1 /MDd /GS /fp:precise /Zc:wchar_t /Zc:forScope /Yu"StdAfx.h" /Fp"Debug\Ball_Position.pch" /Fo"Debug\\" /Fd"Debug\vc100.pdb" /Gd /TP /analyze- /errorReport:prompt Ball_Position.cpp
         Überspringen... (keine relevanten Änderungen gefunden)
         Ball_Position.cpp
       ManifestResourceCompile:
         C:\Program Files (x86)\Microsoft SDKs\Windows\v7.0A\bin\rc.exe /nologo /fo"Debug\Ball_Position.exe.embed.manifest.res" Debug\Ball_Position_manifest.rc 
       Link:
         d:\Program Files (x86)\Visual Studio\VC\bin\link.exe /ERRORREPORT:PROMPT /OUT:"C:\Users\alexander.huettenbri\Documents\GitHub\Ball_Position\Debug\Ball_Position.exe" /INCREMENTAL /NOLOGO kernel32.lib user32.lib gdi32.lib winspool.lib comdlg32.lib advapi32.lib shell32.lib ole32.lib oleaut32.lib uuid.lib odbc32.lib odbccp32.lib /MANIFEST /ManifestFile:"Debug\Ball_Position.exe.intermediate.manifest" /MANIFESTUAC:"level='asInvoker' uiAccess='false'" /DEBUG /PDB:"C:\Users\alexander.huettenbri\Documents\GitHub\Ball_Position\Debug\Ball_Position.pdb" /SUBSYSTEM:CONSOLE /TLBID:1 /DYNAMICBASE /NXCOMPAT /IMPLIB:"C:\Users\alexander.huettenbri\Documents\GitHub\Ball_Position\Debug\Ball_Position.lib" /MACHINE:X86 Debug\Ball_Position.exe.embed.manifest.res
         Debug\Ball_Position.obj
         Debug\stdafx.obj
       Manifest:
         C:\Program Files (x86)\Microsoft SDKs\Windows\v7.0A\bin\mt.exe /nologo /verbose /out:"Debug\Ball_Position.exe.embed.manifest" /manifest Debug\Ball_Position.exe.intermediate.manifest
         Alle Ausgaben sind aktuell.
       LinkEmbedManifest:
         Alle Ausgaben sind aktuell.
         Ball_Position.vcxproj -> C:\Users\alexander.huettenbri\Documents\GitHub\Ball_Position\Debug\Ball_Position.exe
       FinalizeBuildStatus:
         Die Datei "Debug\Ball_Position.unsuccessfulbuild" wird gelöscht.
         Aktualisieren des Timestamps von "Debug\Ball_Position.lastbuildstate".
     1>Die Erstellung des Projekts "C:\Users\alexander.huettenbri\Documents\GitHub\Ball_Position\Ball_Position.vcxproj" ist abgeschlossen, build Ziel(e).

Das Erstellen war erfolgreich.

Verstrichene Zeit 00:00:04.42
